<?xml version="1.0" encoding="UTF-8" ?>
<testsuite errors="0" failures="0" hostname="Hongyans-MacBook-Pro.local" name="twitter.ExtractTest" skipped="0" tests="26" time="5.096" timestamp="2016-11-07T13:49:59">
  <properties>
[...]
</properties>
  <testcase classname="twitter.ExtractTest" name="testGetMentioned10" time="0.003" />
  <testcase classname="twitter.ExtractTest" name="testGetMentioned11" time="0.001" />
  <testcase classname="twitter.ExtractTest" name="testGetMentioned12" time="0.001" />
  <testcase classname="twitter.ExtractTest" name="testGetMentionedUsersTricky1" time="0.001" />
  <testcase classname="twitter.ExtractTest" name="testGetMentionedUsersMultipleUsersRepeatedUsers" time="0.002" />
  <testcase classname="twitter.ExtractTest" name="testGetMentionedUsersNoMention" time="0.0" />
  <testcase classname="twitter.ExtractTest" name="testAssertionsEnabled" time="0.0" />
  <testcase classname="twitter.ExtractTest" name="testGetMentionedUsersMultipleUsersUpperLowerLetters" time="0.001" />
  <testcase classname="twitter.ExtractTest" name="testGetMentionedUsersMultipleUsersTogether" time="0.001" />
  <testcase classname="twitter.ExtractTest" name="testGetMentioned1" time="0.0" />
  <testcase classname="twitter.ExtractTest" name="testGetMentioned2" time="0.001" />
  <testcase classname="twitter.ExtractTest" name="testGetMentioned3" time="0.0" />
  <testcase classname="twitter.ExtractTest" name="testGetMentioned4" time="0.001" />
  <testcase classname="twitter.ExtractTest" name="testGetMentioned5" time="0.001" />
  <testcase classname="twitter.ExtractTest" name="testGetMentioned6" time="0.001" />
  <testcase classname="twitter.ExtractTest" name="testGetMentioned7" time="0.0" />
  <testcase classname="twitter.ExtractTest" name="testGetMentioned8" time="0.0" />
  <testcase classname="twitter.ExtractTest" name="testGetMentioned9" time="0.0" />
  <testcase classname="twitter.ExtractTest" name="testGetMentionedUsersSomeMention" time="0.0" />
  <testcase classname="twitter.ExtractTest" name="testGetTimespan1" time="0.0" />
  <testcase classname="twitter.ExtractTest" name="testGetTimespan2" time="0.0" />
  <testcase classname="twitter.ExtractTest" name="testGetTimespan3" time="0.0" />
  <testcase classname="twitter.ExtractTest" name="testGetTimespan4" time="0.0" />
  <testcase classname="twitter.ExtractTest" name="testGetTimespan5" time="0.0" />
  <testcase classname="twitter.ExtractTest" name="testGetTimespan6" time="0.001" />
  <testcase classname="twitter.ExtractTest" name="testGetTimespan7" time="0.0" />
  <system-out><![CDATA[Tweet is: @uSer1 is talking about somethin @uSer2
Tweet is: abc @user3,is talking about somethin
Tweet is: @uSer1@uSer2 is talking about somethin
Tweet is: abc @user3,is talking about somethin
Tweet is: is it reasonable to talk about rivest so much?
Tweet is: @user1, @user1 is talking about somethin
Tweet is: I don't know what to say @user1
Tweet is: @user2 what do you think?
Tweet is: @@@_tricker-User-1.This text woul @@user5@ @@user3@@user4@ be su@dddd super tricky, ?@@alyssa] tufss I don't think @@__--This-is_a_user?@@__--this-is_a_user.?
Tweet is: @@@_tricker-User-1.This text woul @@user5@ @@user3@@user4@ be su@dddd super tricky, ?@@alyssa] tufss I don't think @@__--This-is_a_user?@@__--this-is_a_user.?
Tweet is: @@@_tricker-User-1.This text woul @@user5@user5@ @@user3@@user4@ be su@dddd super tricky, ?@@alyssa] tufss I don't think @@__--This-is_a_user?@@__--this-is_a_user.?
Tweet is: is it reasonable to talk about rivest so much?
Tweet is: @@@_tricker-User-1.This text woul @@user5@ @@user3@@user4@ be su@dddd super tricky, ?@@alyssa] tufss I don't think @@__--This-is_a_user?@@__--this-is_a_user.?
Tweet is: is it reasonable to talk about rivest so much?
Tweet is: @@@_tricker-User-1.This text woul @@user5@ @@user3@@user4@ be su@dddd super tricky, ?@@alyssa] tufss I don't think @@__--This-is_a_user?@@__--this-is_a_user.?
Tweet is: is it reasonable to talk about rivest so much?
Tweet is: @user2 what do you think?
Tweet is: @user1 is talking about somethin @user2
Tweet is: @uSer1 is talking about somethin @uSer2
Tweet is: @uSer1@uSer2 is talking about somethin
Tweet is: @user1, @user1 is talking about somethin
Tweet is: is it reasonable to talk about rivest so much?
Tweet is: abc@user1,is talking about somethin
Tweet is: is it reasonable to talk about rivest so much?
Tweet is: @user2 what do you think?
Tweet is: @uSer1 is talking about somethin @uSer2
Tweet is: @uSer1@uSer2 is talking about somethin
Tweet is: I don't know what to say @user1
Tweet is: @user2 what do you think?
]]></system-out>
  <system-err><![CDATA[]]></system-err>
</testsuite>
