<?xml version="1.0" encoding="UTF-8" ?>
<testsuite errors="0" failures="8" hostname="Hongyans-MacBook-Pro.local" name="twitter.staff.SocialNetworkTestRunner" skipped="0" tests="14" time="5.121" timestamp="2016-11-07T13:50:59">
  <properties>
[...]
</properties>
  <testcase classname="twitter.staff.SocialNetworkTestRunner" name="yourTests_staffGoodImpl_guessFollowsGraphAlternatingCase" time="0.017" />
  <testcase classname="twitter.staff.SocialNetworkTestRunner" name="yourTests_staffGoodImpl_guessFollowsGraphReturnsEmptyNodes" time="0.001" />
  <testcase classname="twitter.staff.SocialNetworkTestRunner" name="yourTests_staffBadImpl_guessFollowsGraphCompleteGraphBug" time="0.005">
    <failure message="None of your tests failed when run against our broken implementation: 3 tests ran with 0 failures in 1 ms." type="junit.framework.AssertionFailedError">junit.framework.AssertionFailedError: None of your tests failed when run against our broken implementation: 3 tests ran with 0 failures in 1 ms.
	at twitter.staff.TestHelpers.assertFailure(TestHelpers.java:59)
	at twitter.staff.SocialNetworkTestRunner.yourTests_staffBadImpl_guessFollowsGraphCompleteGraphBug(SocialNetworkTestRunner.java:59)
</failure>
  </testcase>
  <testcase classname="twitter.staff.SocialNetworkTestRunner" name="yourTests_staffBadImpl_influencersMustBeCaseInsensitiveBug" time="0.003">
    <failure message="None of your tests failed when run against our broken implementation: 3 tests ran with 0 failures in 1 ms." type="junit.framework.AssertionFailedError">junit.framework.AssertionFailedError: None of your tests failed when run against our broken implementation: 3 tests ran with 0 failures in 1 ms.
	at twitter.staff.TestHelpers.assertFailure(TestHelpers.java:59)
	at twitter.staff.SocialNetworkTestRunner.yourTests_staffBadImpl_influencersMustBeCaseInsensitiveBug(SocialNetworkTestRunner.java:84)
</failure>
  </testcase>
  <testcase classname="twitter.staff.SocialNetworkTestRunner" name="yourTests_staffBadImpl_influencersReturnsFirstInRankOnlyBug" time="0.003">
    <failure message="None of your tests failed when run against our broken implementation: 3 tests ran with 0 failures in 1 ms." type="junit.framework.AssertionFailedError">junit.framework.AssertionFailedError: None of your tests failed when run against our broken implementation: 3 tests ran with 0 failures in 1 ms.
	at twitter.staff.TestHelpers.assertFailure(TestHelpers.java:59)
	at twitter.staff.SocialNetworkTestRunner.yourTests_staffBadImpl_influencersReturnsFirstInRankOnlyBug(SocialNetworkTestRunner.java:94)
</failure>
  </testcase>
  <testcase classname="twitter.staff.SocialNetworkTestRunner" name="yourTests_staffGoodImpl_guessFollowsGraphReturnsNoEmptyNodes" time="0.002" />
  <testcase classname="twitter.staff.SocialNetworkTestRunner" name="yourTests_staffBadImpl_guessFollowsGraphFollowsInWrongDirectionBug" time="0.004">
    <failure message="None of your tests failed when run against our broken implementation: 3 tests ran with 0 failures in 1 ms." type="junit.framework.AssertionFailedError">junit.framework.AssertionFailedError: None of your tests failed when run against our broken implementation: 3 tests ran with 0 failures in 1 ms.
	at twitter.staff.TestHelpers.assertFailure(TestHelpers.java:59)
	at twitter.staff.SocialNetworkTestRunner.yourTests_staffBadImpl_guessFollowsGraphFollowsInWrongDirectionBug(SocialNetworkTestRunner.java:79)
</failure>
  </testcase>
  <testcase classname="twitter.staff.SocialNetworkTestRunner" name="yourTests_staffBadImpl_guessFollowsGraphAddsNonExistentUsersBug" time="0.003">
    <failure message="None of your tests failed when run against our broken implementation: 3 tests ran with 0 failures in 1 ms." type="junit.framework.AssertionFailedError">junit.framework.AssertionFailedError: None of your tests failed when run against our broken implementation: 3 tests ran with 0 failures in 1 ms.
	at twitter.staff.TestHelpers.assertFailure(TestHelpers.java:59)
	at twitter.staff.SocialNetworkTestRunner.yourTests_staffBadImpl_guessFollowsGraphAddsNonExistentUsersBug(SocialNetworkTestRunner.java:74)
</failure>
  </testcase>
  <testcase classname="twitter.staff.SocialNetworkTestRunner" name="yourTests_staffGoodImpl_guessFollowsGraphBidirectionalFollowing" time="0.001" />
  <testcase classname="twitter.staff.SocialNetworkTestRunner" name="yourTests_staffGoodImpl_influencersSameRankArbitraryOrder1" time="0.001" />
  <testcase classname="twitter.staff.SocialNetworkTestRunner" name="yourTests_staffGoodImpl_influencersSameRankArbitraryOrder2" time="0.001" />
  <testcase classname="twitter.staff.SocialNetworkTestRunner" name="yourTests_staffBadImpl_guessFollowsGraphMustBeCaseInsensitiveBug" time="0.002">
    <failure message="None of your tests failed when run against our broken implementation: 3 tests ran with 0 failures in 1 ms." type="junit.framework.AssertionFailedError">junit.framework.AssertionFailedError: None of your tests failed when run against our broken implementation: 3 tests ran with 0 failures in 1 ms.
	at twitter.staff.TestHelpers.assertFailure(TestHelpers.java:59)
	at twitter.staff.SocialNetworkTestRunner.yourTests_staffBadImpl_guessFollowsGraphMustBeCaseInsensitiveBug(SocialNetworkTestRunner.java:69)
</failure>
  </testcase>
  <testcase classname="twitter.staff.SocialNetworkTestRunner" name="yourTests_staffBadImpl_guessFollowsGraphSelfMentionBug" time="0.002">
    <failure message="None of your tests failed when run against our broken implementation: 3 tests ran with 0 failures in 0 ms." type="junit.framework.AssertionFailedError">junit.framework.AssertionFailedError: None of your tests failed when run against our broken implementation: 3 tests ran with 0 failures in 0 ms.
	at twitter.staff.TestHelpers.assertFailure(TestHelpers.java:59)
	at twitter.staff.SocialNetworkTestRunner.yourTests_staffBadImpl_guessFollowsGraphSelfMentionBug(SocialNetworkTestRunner.java:64)
</failure>
  </testcase>
  <testcase classname="twitter.staff.SocialNetworkTestRunner" name="yourTests_staffBadImpl_influencersPrunesEmptyNodesBug" time="0.001">
    <failure message="None of your tests failed when run against our broken implementation: 3 tests ran with 0 failures in 1 ms." type="junit.framework.AssertionFailedError">junit.framework.AssertionFailedError: None of your tests failed when run against our broken implementation: 3 tests ran with 0 failures in 1 ms.
	at twitter.staff.TestHelpers.assertFailure(TestHelpers.java:59)
	at twitter.staff.SocialNetworkTestRunner.yourTests_staffBadImpl_influencersPrunesEmptyNodesBug(SocialNetworkTestRunner.java:89)
</failure>
  </testcase>
  <system-out><![CDATA[]]></system-out>
  <system-err><![CDATA[]]></system-err>
</testsuite>
