<?xml version="1.0" encoding="UTF-8" ?>
<testsuite errors="0" failures="1" hostname="Hongyans-MacBook-Pro.local" name="twitter.staff.GradingExtractTest" skipped="0" tests="21" time="5.107" timestamp="2016-11-07T13:50:32">
  <properties>
[...]
</properties>
  <testcase classname="twitter.staff.GradingExtractTest" name="testGetMentionedUsersSingleMentionSingleTweet" time="0.003" />
  <testcase classname="twitter.staff.GradingExtractTest" name="testGetTimespanMultipleStampsWithDuplicates" time="0.001" />
  <testcase classname="twitter.staff.GradingExtractTest" name="testGetMentionedUsersEmailAddress" time="0.001" />
  <testcase classname="twitter.staff.GradingExtractTest" name="testGetMentionedUsersUsernameEndedByPunctuation" time="0.001" />
  <testcase classname="twitter.staff.GradingExtractTest" name="testGetMentionedUsersMultipleMentionsMultipleTweets" time="0.0" />
  <testcase classname="twitter.staff.GradingExtractTest" name="testGetMentionedUsersSingleMentionMultipleTweetsMustBeCaseInsensitive" time="0.0" />
  <testcase classname="twitter.staff.GradingExtractTest" name="testGetMentionedUsersUsernameIsHyphenated" time="0.0" />
  <testcase classname="twitter.staff.GradingExtractTest" name="testGetMentionedUsersInvalidFollowingCharacters" time="0.0" />
  <testcase classname="twitter.staff.GradingExtractTest" name="testGetMentionedUsersUnderscores" time="0.001" />
  <testcase classname="twitter.staff.GradingExtractTest" name="testGetTimespanTwoDifferentStamps" time="0.0" />
  <testcase classname="twitter.staff.GradingExtractTest" name="testGetTimespanMultipleStampsWithoutDuplicates" time="0.0" />
  <testcase classname="twitter.staff.GradingExtractTest" name="testGetMentionedUsersEmptyList" time="0.0" />
  <testcase classname="twitter.staff.GradingExtractTest" name="testGetTimespanTwoDuplicateStamps" time="0.0" />
  <testcase classname="twitter.staff.GradingExtractTest" name="testGetMentionedUsersPreceededByPunctuation" time="0.001" />
  <testcase classname="twitter.staff.GradingExtractTest" name="testGetTimespanEmptyListAlwaysReturnsZeroLengthTimespan" time="0.004">
    <failure type="junit.framework.AssertionFailedError">junit.framework.AssertionFailedError
	at twitter.Extract.getTimespan(Extract.java:28)
	at twitter.staff.GradingExtractTest.testGetTimespanEmptyListAlwaysReturnsZeroLengthTimespan(GradingExtractTest.java:48)
</failure>
  </testcase>
  <testcase classname="twitter.staff.GradingExtractTest" name="testGetMentionedUsersSingleAtSignNoFollowingUsername" time="0.0" />
  <testcase classname="twitter.staff.GradingExtractTest" name="testGetMentionedUsersMultipleMentionsSingleTweet" time="0.0" />
  <testcase classname="twitter.staff.GradingExtractTest" name="testGetMentionedUsersSingleMentionMultipleTweets" time="0.0" />
  <testcase classname="twitter.staff.GradingExtractTest" name="testGetTimespanSingleTweet" time="0.0" />
  <testcase classname="twitter.staff.GradingExtractTest" name="testGetMentionedUsersNoMentionsSingleTweet" time="0.0" />
  <testcase classname="twitter.staff.GradingExtractTest" name="testGetMentionedUsersMultipleAtSigns" time="0.0" />
  <system-out><![CDATA[Tweet is: following text will be @mention
Tweet is: test@dev.null
Tweet is: dummyText @test:!
Tweet is: @test2's dummyText
Tweet is: @mention @othermention
Tweet is: @thirdMention
Tweet is: @mention
Tweet is: @MeNtIoN
Tweet is: The one and only @the-best is the best!
Tweet is: @…
Tweet is: @!!!
Tweet is: _ @_test_ _
Tweet is: this is a @te_st
Tweet is: .@ben bitdiddle~
Tweet is: I !!@will survive!
Tweet is: @
Tweet is: @mention @othermention
Tweet is: . @mention
Tweet is: @mention .
Tweet is: @mention
Tweet is: noMention
Tweet is: @@@ben
]]></system-out>
  <system-err><![CDATA[]]></system-err>
</testsuite>
