<?xml version="1.0" encoding="UTF-8" ?>
<testsuite errors="9" failures="2" hostname="Hongyans-MacBook-Pro.local" name="library.beta.LibraryTest" skipped="0" tests="16" time="5.116" timestamp="2016-12-05T17:34:30">
  <properties>
    <property name="java.vendor" value="Oracle Corporation" />
    <property name="sun.java.launcher" value="SUN_STANDARD" />
    <property name="sun.management.compiler" value="HotSpot 64-Bit Tiered Compilers" />
    <property name="build.sysclasspath" value="ignore" />
    <property name="os.name" value="Mac OS X" />
    <property name="sun.boot.class.path" value="/Library/Java/JavaVirtualMachines/jdk1.8.0_101.jdk/Contents/Home/jre/lib/resources.jar:/Library/Java/JavaVirtualMachines/jdk1.8.0_101.jdk/Contents/Home/jre/lib/rt.jar:/Library/Java/JavaVirtualMachines/jdk1.8.0_101.jdk/Contents/Home/jre/lib/sunrsasign.jar:/Library/Java/JavaVirtualMachines/jdk1.8.0_101.jdk/Contents/Home/jre/lib/jsse.jar:/Library/Java/JavaVirtualMachines/jdk1.8.0_101.jdk/Contents/Home/jre/lib/jce.jar:/Library/Java/JavaVirtualMachines/jdk1.8.0_101.jdk/Contents/Home/jre/lib/charsets.jar:/Library/Java/JavaVirtualMachines/jdk1.8.0_101.jdk/Contents/Home/jre/lib/jfr.jar:/Library/Java/JavaVirtualMachines/jdk1.8.0_101.jdk/Contents/Home/jre/classes" />
    <property name="final.grading" value="true" />
    <property name="java.vm.specification.vendor" value="Oracle Corporation" />
    <property name="ant.home" value="/Users/hongyanwang/.p2/pool/plugins/org.apache.ant_1.9.6.v201510161327" />
    <property name="java.runtime.version" value="1.8.0_101-b13" />
    <property name="user.name" value="hongyanwang" />
    <property name="ant.build.javac.target" value="1.8" />
    <property name="user.language" value="en" />
    <property name="sun.boot.library.path" value="/Library/Java/JavaVirtualMachines/jdk1.8.0_101.jdk/Contents/Home/jre/lib" />
    <property name="grader.report.file" value="my-grader-report.xml" />
    <property name="ant.project.default-target" value="all" />
    <property name="java.version" value="1.8.0_101" />
    <property name="user.timezone" value="" />
    <property name="sun.arch.data.model" value="64" />
    <property name="http.nonProxyHosts" value="local|*.local|169.254/16|*.169.254/16" />
    <property name="java.endorsed.dirs" value="/Library/Java/JavaVirtualMachines/jdk1.8.0_101.jdk/Contents/Home/jre/lib/endorsed" />
    <property name="sun.cpu.isalist" value="" />
    <property name="sun.jnu.encoding" value="UTF-8" />
    <property name="file.encoding.pkg" value="sun.io" />
    <property name="file.separator" value="/" />
    <property name="java.specification.name" value="Java Platform API Specification" />
    <property name="java.class.version" value="52.0" />
    <property name="user.country" value="US" />
    <property name="java.home" value="/Library/Java/JavaVirtualMachines/jdk1.8.0_101.jdk/Contents/Home/jre" />
    <property name="java.vm.info" value="mixed mode" />
    <property name="ant.file" value="/Users/hongyanwang/Dropbox/courses/Edx_MIT6005/ps3/grader.xml" />
    <property name="os.version" value="10.12.1" />
    <property name="final.grader.jar" value="ps3-final-grader.jar" />
    <property name="path.separator" value=":" />
    <property name="java.vm.version" value="25.101-b13" />
    <property name="ant.library.dir" value="/Users/hongyanwang/.p2/pool/plugins/org.apache.ant_1.9.6.v201510161327/lib" />
    <property name="java.awt.printerjob" value="sun.lwawt.macosx.CPrinterJob" />
    <property name="sun.io.unicode.encoding" value="UnicodeBig" />
    <property name="awt.toolkit" value="sun.lwawt.macosx.LWCToolkit" />
    <property name="socksNonProxyHosts" value="local|*.local|169.254/16|*.169.254/16" />
    <property name="ftp.nonProxyHosts" value="local|*.local|169.254/16|*.169.254/16" />
    <property name="user.home" value="/Users/hongyanwang" />
    <property name="java.specification.vendor" value="Oracle Corporation" />
    <property name="which.tests.ran" value="BETA + FINAL" />
    <property name="java.library.path" value="/Users/hongyanwang/Library/Java/Extensions:/Library/Java/Extensions:/Network/Library/Java/Extensions:/System/Library/Java/Extensions:/usr/lib/java:." />
    <property name="java.vendor.url" value="http://java.oracle.com/" />
    <property name="java.vm.vendor" value="Oracle Corporation" />
    <property name="gopherProxySet" value="false" />
    <property name="java.runtime.name" value="Java(TM) SE Runtime Environment" />
    <property name="beta.grader.jar" value="ps3-beta-grader.jar" />
    <property name="sun.java.command" value="org.apache.tools.ant.taskdefs.optional.junit.JUnitTestRunner library.beta.LibraryTest skipNonTests=false filtertrace=true haltOnError=false haltOnFailure=false showoutput=false outputtoformatters=true logfailedtests=true threadid=0 logtestlistenerevents=false formatter=org.apache.tools.ant.taskdefs.optional.junit.XMLJUnitResultFormatter,/Users/hongyanwang/Dropbox/courses/Edx_MIT6005/ps3/.grader/TEST-library.beta.LibraryTest.xml crashfile=/Users/hongyanwang/Dropbox/courses/Edx_MIT6005/ps3/.grader/junitvmwatcher4402483554953492243.properties propsfile=/Users/hongyanwang/Dropbox/courses/Edx_MIT6005/ps3/.grader/junit7034794222664593461.properties" />
    <property name="java.class.path" value="/Users/hongyanwang/Dropbox/courses/Edx_MIT6005/ps3/lib/junit-4.12.jar:/Users/hongyanwang/Dropbox/courses/Edx_MIT6005/ps3/lib/hamcrest-core-1.3.jar:/Users/hongyanwang/Dropbox/courses/Edx_MIT6005/ps3/.grader/bin-student:/Users/hongyanwang/.p2/pool/plugins/org.apache.ant_1.9.6.v201510161327/lib/ant-launcher.jar:/Users/hongyanwang/.p2/pool/plugins/org.apache.ant_1.9.6.v201510161327/lib/ant.jar:/Users/hongyanwang/.p2/pool/plugins/org.apache.ant_1.9.6.v201510161327/lib/ant-junit.jar:/Users/hongyanwang/.p2/pool/plugins/org.apache.ant_1.9.6.v201510161327/lib/ant-junit4.jar" />
    <property name="ant.version" value="Apache Ant(TM) version 1.9.6 compiled on June 29 2015" />
    <property name="project.name" value="ps3-library" />
    <property name="java.vm.specification.name" value="Java Virtual Machine Specification" />
    <property name="java.vm.specification.version" value="1.8" />
    <property name="sun.cpu.endian" value="little" />
    <property name="didit.desc" value="Running our beta tests against your implementation." />
    <property name="sun.os.patch.level" value="unknown" />
    <property name="java.io.tmpdir" value="/var/folders/jn/ptf5dddn03z3t76vz4fsd13m0000gn/T/" />
    <property name="java.vendor.url.bug" value="http://bugreport.sun.com/bugreport/" />
    <property name="os.arch" value="x86_64" />
    <property name="java.awt.graphicsenv" value="sun.awt.CGraphicsEnvironment" />
    <property name="java.ext.dirs" value="/Users/hongyanwang/Library/Java/Extensions:/Library/Java/JavaVirtualMachines/jdk1.8.0_101.jdk/Contents/Home/jre/lib/ext:/Library/Java/Extensions:/Network/Library/Java/Extensions:/System/Library/Java/Extensions:/usr/lib/java" />
    <property name="user.dir" value="/Users/hongyanwang/Dropbox/courses/Edx_MIT6005/ps3" />
    <property name="line.separator" value="&#xa;" />
    <property name="zipfile" value="my-submission.zip" />
    <property name="java.vm.name" value="Java HotSpot(TM) 64-Bit Server VM" />
    <property name="problem.set" value="ps3" />
    <property name="basedir" value="/Users/hongyanwang/Dropbox/courses/Edx_MIT6005/ps3" />
    <property name="ant.java.version" value="1.8" />
    <property name="ant.core.lib" value="/Users/hongyanwang/.p2/pool/plugins/org.apache.ant_1.9.6.v201510161327/lib/ant.jar" />
    <property name="file.encoding" value="UTF-8" />
    <property name="java.specification.version" value="1.8" />
    <property name="grader.dir" value=".grader" />
    <property name="ant.project.invoked-targets" value="all" />
  </properties>
  <testcase classname="library.beta.LibraryTest" name="testBuy[library.SmallLibrary]" time="0.003" />
  <testcase classname="library.beta.LibraryTest" name="testFind[library.SmallLibrary]" time="0.004">
    <error message="not implemented yet" type="java.lang.RuntimeException">java.lang.RuntimeException: not implemented yet
	at library.SmallLibrary.find(SmallLibrary.java:97)
	at library.beta.LibraryTest.testFind(LibraryTest.java:196)
</error>
  </testcase>
  <testcase classname="library.beta.LibraryTest" name="testLose[library.SmallLibrary]" time="0.001">
    <error message="not implemented yet" type="java.lang.RuntimeException">java.lang.RuntimeException: not implemented yet
	at library.SmallLibrary.lose(SmallLibrary.java:102)
	at library.beta.LibraryTest.testLose(LibraryTest.java:230)
</error>
  </testcase>
  <testcase classname="library.beta.LibraryTest" name="testAllCopiesAvailableCopies[library.SmallLibrary]" time="0.002">
    <failure message="expected:&lt;[A copy of book Sense and Sensibility, Jane Austen, 1811]&gt; but was:&lt;[]&gt;" type="junit.framework.AssertionFailedError">junit.framework.AssertionFailedError: expected:&lt;[A copy of book Sense and Sensibility, Jane Austen, 1811]&gt; but was:&lt;[]&gt;
	at library.beta.LibraryTest.testAllCopiesAvailableCopies(LibraryTest.java:185)
</failure>
  </testcase>
  <testcase classname="library.beta.LibraryTest" name="testEqualsHashcode[library.SmallLibrary]" time="0.0" />
  <testcase classname="library.beta.LibraryTest" name="testAssertionsEnabled[library.SmallLibrary]" time="0.001" />
  <testcase classname="library.beta.LibraryTest" name="testIsAvailable[library.SmallLibrary]" time="0.0" />
  <testcase classname="library.beta.LibraryTest" name="testCheckinCheckout[library.SmallLibrary]" time="0.001">
    <failure type="junit.framework.AssertionFailedError">junit.framework.AssertionFailedError
	at library.beta.LibraryTest.testCheckinCheckout(LibraryTest.java:126)
</failure>
  </testcase>
  <testcase classname="library.beta.LibraryTest" name="testBuy[library.BigLibrary]" time="0.006">
    <error message="not implemented yet" type="java.lang.RuntimeException">java.lang.RuntimeException: not implemented yet
	at library.BigLibrary.&lt;init&gt;(BigLibrary.java:22)
	at java.lang.reflect.Constructor.newInstance(Constructor.java:423)
	at java.lang.Class.newInstance(Class.java:442)
	at library.beta.LibraryTest.makeLibrary(LibraryTest.java:57)
	at library.beta.LibraryTest.testBuy(LibraryTest.java:96)
</error>
  </testcase>
  <testcase classname="library.beta.LibraryTest" name="testFind[library.BigLibrary]" time="0.001">
    <error message="not implemented yet" type="java.lang.RuntimeException">java.lang.RuntimeException: not implemented yet
	at library.BigLibrary.&lt;init&gt;(BigLibrary.java:22)
	at java.lang.reflect.Constructor.newInstance(Constructor.java:423)
	at java.lang.Class.newInstance(Class.java:442)
	at library.beta.LibraryTest.makeLibrary(LibraryTest.java:57)
	at library.beta.LibraryTest.testFind(LibraryTest.java:190)
</error>
  </testcase>
  <testcase classname="library.beta.LibraryTest" name="testLose[library.BigLibrary]" time="0.001">
    <error message="not implemented yet" type="java.lang.RuntimeException">java.lang.RuntimeException: not implemented yet
	at library.BigLibrary.&lt;init&gt;(BigLibrary.java:22)
	at java.lang.reflect.Constructor.newInstance(Constructor.java:423)
	at java.lang.Class.newInstance(Class.java:442)
	at library.beta.LibraryTest.makeLibrary(LibraryTest.java:57)
	at library.beta.LibraryTest.testLose(LibraryTest.java:222)
</error>
  </testcase>
  <testcase classname="library.beta.LibraryTest" name="testAllCopiesAvailableCopies[library.BigLibrary]" time="0.002">
    <error message="not implemented yet" type="java.lang.RuntimeException">java.lang.RuntimeException: not implemented yet
	at library.BigLibrary.&lt;init&gt;(BigLibrary.java:22)
	at java.lang.reflect.Constructor.newInstance(Constructor.java:423)
	at java.lang.Class.newInstance(Class.java:442)
	at library.beta.LibraryTest.makeLibrary(LibraryTest.java:57)
	at library.beta.LibraryTest.testAllCopiesAvailableCopies(LibraryTest.java:156)
</error>
  </testcase>
  <testcase classname="library.beta.LibraryTest" name="testEqualsHashcode[library.BigLibrary]" time="0.001">
    <error message="not implemented yet" type="java.lang.RuntimeException">java.lang.RuntimeException: not implemented yet
	at library.BigLibrary.&lt;init&gt;(BigLibrary.java:22)
	at java.lang.reflect.Constructor.newInstance(Constructor.java:423)
	at java.lang.Class.newInstance(Class.java:442)
	at library.beta.LibraryTest.makeLibrary(LibraryTest.java:57)
	at library.beta.LibraryTest.testEqualsHashcode(LibraryTest.java:241)
</error>
  </testcase>
  <testcase classname="library.beta.LibraryTest" name="testAssertionsEnabled[library.BigLibrary]" time="0.0" />
  <testcase classname="library.beta.LibraryTest" name="testIsAvailable[library.BigLibrary]" time="0.001">
    <error message="not implemented yet" type="java.lang.RuntimeException">java.lang.RuntimeException: not implemented yet
	at library.BigLibrary.&lt;init&gt;(BigLibrary.java:22)
	at java.lang.reflect.Constructor.newInstance(Constructor.java:423)
	at java.lang.Class.newInstance(Class.java:442)
	at library.beta.LibraryTest.makeLibrary(LibraryTest.java:57)
	at library.beta.LibraryTest.testIsAvailable(LibraryTest.java:135)
</error>
  </testcase>
  <testcase classname="library.beta.LibraryTest" name="testCheckinCheckout[library.BigLibrary]" time="0.001">
    <error message="not implemented yet" type="java.lang.RuntimeException">java.lang.RuntimeException: not implemented yet
	at library.BigLibrary.&lt;init&gt;(BigLibrary.java:22)
	at java.lang.reflect.Constructor.newInstance(Constructor.java:423)
	at java.lang.Class.newInstance(Class.java:442)
	at library.beta.LibraryTest.makeLibrary(LibraryTest.java:57)
	at library.beta.LibraryTest.testCheckinCheckout(LibraryTest.java:113)
</error>
  </testcase>
  <system-out><![CDATA[]]></system-out>
  <system-err><![CDATA[]]></system-err>
</testsuite>
